<?xml version="1.0" encoding="UTF-8"?>
<testsuites name="jest tests" tests="22" failures="0" errors="0" time="15.903">
  <testsuite name="Basic Test" errors="0" failures="0" skipped="0" timestamp="2025-06-12T10:00:31" time="0.378" tests="1">
    <testcase classname="Basic Test" name="Math works" time="0.005">
    </testcase>
  </testsuite>
  <testsuite name="API Endpoints" errors="0" failures="0" skipped="0" timestamp="2025-06-12T10:00:31" time="1.519" tests="6">
    <testcase classname="API Endpoints" name="GET /api/health should return status ok" time="0.028">
    </testcase>
    <testcase classname="API Endpoints" name="GET / should return welcome message" time="0.007">
    </testcase>
    <testcase classname="API Endpoints Chat Endpoints" name="POST /api/messages should create a new message" time="0.024">
    </testcase>
    <testcase classname="API Endpoints Chat Endpoints" name="GET /api/messages/chats should return chat history" time="0.01">
    </testcase>
    <testcase classname="API Endpoints Chat Endpoints" name="GET /api/messages should return messages for a chat" time="0.012">
    </testcase>
    <testcase classname="API Endpoints Chat Endpoints" name="DELETE /api/messages/chats/:chatId should delete all messages in a chat" time="0.01">
    </testcase>
  </testsuite>
  <testsuite name="Authentication Middleware" errors="0" failures="0" skipped="0" timestamp="2025-06-12T10:00:31" time="1.601" tests="4">
    <testcase classname="Authentication Middleware" name="should allow access with a valid JWT token" time="0.052">
    </testcase>
    <testcase classname="Authentication Middleware" name="should deny access with no token" time="0.01">
    </testcase>
    <testcase classname="Authentication Middleware" name="should deny access with an invalid token" time="0.008">
    </testcase>
    <testcase classname="Authentication Middleware" name="should deny access with an expired token" time="0.007">
    </testcase>
  </testsuite>
  <testsuite name="Authentication API" errors="0" failures="0" skipped="0" timestamp="2025-06-12T10:00:31" time="2.065" tests="8">
    <testcase classname="Authentication API POST /api/auth/register" name="should register a new user with valid data" time="0.131">
    </testcase>
    <testcase classname="Authentication API POST /api/auth/register" name="should return 400 if email is already registered" time="0.064">
    </testcase>
    <testcase classname="Authentication API POST /api/auth/register" name="should return 400 if email format is invalid" time="0.005">
    </testcase>
    <testcase classname="Authentication API POST /api/auth/register" name="should return 400 if password does not meet requirements" time="0.005">
    </testcase>
    <testcase classname="Authentication API POST /api/auth/login" name="should log in a user with valid credentials" time="0.132">
    </testcase>
    <testcase classname="Authentication API POST /api/auth/login" name="should return 401 if email is not registered" time="0.063">
    </testcase>
    <testcase classname="Authentication API POST /api/auth/login" name="should return 401 if password is incorrect" time="0.126">
    </testcase>
    <testcase classname="Authentication API POST /api/auth/logout" name="should log out a user successfully" time="0.005">
    </testcase>
  </testsuite>
  <testsuite name="Database Persistence Tests" errors="0" failures="0" skipped="0" timestamp="2025-06-12T10:00:31" time="15.689" tests="3">
    <testcase classname="Database Persistence Tests" name="Data should persist in Atlas across disconnection/reconnection" time="3.868">
    </testcase>
    <testcase classname="Database Persistence Tests" name="Atlas should handle multiple records with persistence" time="4.468">
    </testcase>
    <testcase classname="Database Persistence Tests" name="Atlas should handle concurrent operations correctly" time="2.778">
    </testcase>
  </testsuite>
</testsuites>