<testsuites id="" name="" tests="3" failures="0" skipped="0" errors="0" time="2.858694">
<testsuite name="auth-mock.spec.js" timestamp="2025-06-02T06:28:37.576Z" hostname="health-check" tests="3" failures="0" skipped="0" time="5.742" errors="0">
<testcase name="Authentication Flow (Mock) › login form validation and submission" classname="auth-mock.spec.js" time="1.927">
<system-out>
<![CDATA[✅ Login form validation and submission working correctly
]]>
</system-out>
</testcase>
<testcase name="Authentication Flow (Mock) › login form handles invalid credentials" classname="auth-mock.spec.js" time="1.94">
<system-out>
<![CDATA[✅ Login form properly handles invalid credentials
]]>
</system-out>
</testcase>
<testcase name="Authentication Flow (Mock) › auth setup process simulation" classname="auth-mock.spec.js" time="1.875">
<system-out>
<![CDATA[🔐 Simulating authentication setup process...
📝 User registration: SUCCESS
🌐 Login page: LOADED
📋 Form filling: SUCCESS
✅ Authentication: SUCCESS
💾 Auth state saved: playwright/.auth/user.json
🎉 Authentication setup completed successfully!
]]>
</system-out>
</testcase>
</testsuite>
</testsuites>