<testsuites id="" name="" tests="10" failures="0" skipped="8" errors="0" time="6.169815000000001">
<testsuite name="health-check.spec.js" timestamp="2025-06-02T07:53:30.928Z" hostname="health-check" tests="7" failures="0" skipped="7" time="31.211" errors="0">
<testcase name="Health Check Tests â€º application loads successfully" classname="health-check.spec.js" time="4.557">
<properties>
<property name="skip" value="">
</property>
</properties>
<skipped>
</skipped>
</testcase>
<testcase name="Health Check Tests â€º login page is accessible" classname="health-check.spec.js" time="4.484">
<properties>
<property name="skip" value="">
</property>
</properties>
<skipped>
</skipped>
</testcase>
<testcase name="Health Check Tests â€º signup page is accessible" classname="health-check.spec.js" time="4.457">
<properties>
<property name="skip" value="">
</property>
</properties>
<skipped>
</skipped>
</testcase>
<testcase name="Health Check Tests â€º navigation between pages works" classname="health-check.spec.js" time="4.484">
<properties>
<property name="skip" value="">
</property>
</properties>
<skipped>
</skipped>
</testcase>
<testcase name="Health Check Tests â€º application responds to basic interactions" classname="health-check.spec.js" time="4.459">
<properties>
<property name="skip" value="">
</property>
</properties>
<skipped>
</skipped>
</testcase>
<testcase name="Health Check Tests â€º error handling - invalid route" classname="health-check.spec.js" time="4.391">
<properties>
<property name="skip" value="">
</property>
</properties>
<skipped>
</skipped>
</testcase>
<testcase name="Health Check Tests â€º responsive design basics" classname="health-check.spec.js" time="4.379">
<properties>
<property name="skip" value="">
</property>
</properties>
<skipped>
</skipped>
</testcase>
</testsuite>
<testsuite name="simple-health-check.spec.js" timestamp="2025-06-02T07:53:30.928Z" hostname="health-check" tests="3" failures="0" skipped="1" time="4.491" errors="0">
<testcase name="Simple Health Check â€º server connectivity check" classname="simple-health-check.spec.js" time="4.278">
<properties>
<property name="skip" value="">
</property>
</properties>
<skipped>
</skipped>
</testcase>
<testcase name="Simple Health Check â€º configuration validation" classname="simple-health-check.spec.js" time="0.007">
<system-out>
<![CDATA[ðŸ“‹ Test Configuration:
   Base URL: http://localhost:3000
   Environment: development
   Skip WebServer: true 
âœ… Configuration is valid
]]>
</system-out>
</testcase>
<testcase name="Simple Health Check â€º playwright installation check" classname="simple-health-check.spec.js" time="0.206">
<system-out>
<![CDATA[âœ… Playwright is working correctly
]]>
</system-out>
</testcase>
</testsuite>
</testsuites>